Using pre-set license
Built from '2021.1/staging' branch; Version is '2021.1.14f1 (51d2f824827f) revision 5362424'; Using compiler version '192528614'; Build Type 'Release'
OS: 'Windows 10 Pro; OS build 19041.1052; Version 2004; 64bit' Language: 'pt' Physical Memory: 16313 MB
BatchMode: 1, IsHumanControllingUs: 0, StartBugReporterOnCrash: 0, Is64bit: 1, IsPro: 0

 COMMAND LINE ARGUMENTS:
C:\Program Files\Unity\Hub\Editor\2021.1.14f1\Editor\Unity.exe
-adb2
-batchMode
-noUpm
-name
AssetImportWorker0
-projectPath
F:/Andress/Documentos/GitHub/Space Monki
-logFile
Logs/AssetImportWorker0.log
-srvPort
62647
Successfully changed project path to: F:/Andress/Documentos/GitHub/Space Monki
F:/Andress/Documentos/GitHub/Space Monki
Using Asset Import Pipeline V2.
Refreshing native plugins compatible for Editor in 44.72 ms, found 2 plugins.
Preloading 0 native plugins for Editor in 0.00 ms.
Initialize engine version: 2021.1.14f1 (51d2f824827f)
[Subsystems] Discovering subsystems at path C:/Program Files/Unity/Hub/Editor/2021.1.14f1/Editor/Data/Resources/UnitySubsystems
[Subsystems] Discovering subsystems at path F:/Andress/Documentos/GitHub/Space Monki/Assets
GfxDevice: creating device client; threaded=0; jobified=0
Direct3D:
    Version:  Direct3D 11.0 [level 11.1]
    Renderer: NVIDIA GeForce GTX 1650 SUPER (ID=0x2187)
    Vendor:   NVIDIA
    VRAM:     3955 MB
    Driver:   30.0.14.7111
Initialize mono
Mono path[0] = 'C:/Program Files/Unity/Hub/Editor/2021.1.14f1/Editor/Data/Managed'
Mono path[1] = 'C:/Program Files/Unity/Hub/Editor/2021.1.14f1/Editor/Data/MonoBleedingEdge/lib/mono/unityjit'
Mono config path = 'C:/Program Files/Unity/Hub/Editor/2021.1.14f1/Editor/Data/MonoBleedingEdge/etc'
Using monoOptions --debugger-agent=transport=dt_socket,embedding=1,server=y,suspend=n,address=127.0.0.1:56300
Begin MonoManager ReloadAssembly
Registering precompiled unity dll's ...
Register platform support module: C:/Program Files/Unity/Hub/Editor/2021.1.14f1/Editor/Data/PlaybackEngines/WebGLSupport/UnityEditor.WebGL.Extensions.dll
Register platform support module: C:/Program Files/Unity/Hub/Editor/2021.1.14f1/Editor/Data/PlaybackEngines/WindowsStandaloneSupport/UnityEditor.WindowsStandalone.Extensions.dll
Registered in 0.002527 seconds.
Native extension for WindowsStandalone target not found
Native extension for WebGL target not found
Refreshing native plugins compatible for Editor in 43.07 ms, found 2 plugins.
Preloading 0 native plugins for Editor in 0.00 ms.
Mono: successfully reloaded assembly
- Completed reload, in  1.756 seconds
Domain Reload Profiling:
	ReloadAssembly (1756ms)
		BeginReloadAssembly (50ms)
			ExecutionOrderSort (0ms)
			DisableScriptedObjects (0ms)
			BackupInstance (0ms)
			ReleaseScriptingObjects (0ms)
			CreateAndSetChildDomain (1ms)
		EndReloadAssembly (374ms)
			LoadAssemblies (47ms)
			RebuildTransferFunctionScriptingTraits (0ms)
			SetupTypeCache (150ms)
			ReleaseScriptCaches (0ms)
			RebuildScriptCaches (26ms)
			SetupLoadedEditorAssemblies (159ms)
				LogAssemblyErrors (0ms)
				InitializePlatformSupportModulesInManaged (7ms)
				SetLoadedEditorAssemblies (0ms)
				RefreshPlugins (43ms)
				BeforeProcessingInitializeOnLoad (1ms)
				ProcessInitializeOnLoadAttributes (84ms)
				ProcessInitializeOnLoadMethodAttributes (24ms)
				AfterProcessingInitializeOnLoad (0ms)
				EditorAssembliesLoaded (0ms)
			ExecutionOrderSort2 (0ms)
			AwakeInstancesAfterBackupRestoration (0ms)
Platform modules already initialized, skipping
Registering precompiled user dll's ...
Registered in 0.002599 seconds.
Begin MonoManager ReloadAssembly
Native extension for WindowsStandalone target not found
Native extension for WebGL target not found
Refreshing native plugins compatible for Editor in 42.77 ms, found 2 plugins.
Preloading 0 native plugins for Editor in 0.00 ms.
Mono: successfully reloaded assembly
- Completed reload, in  1.089 seconds
Domain Reload Profiling:
	ReloadAssembly (1089ms)
		BeginReloadAssembly (135ms)
			ExecutionOrderSort (0ms)
			DisableScriptedObjects (4ms)
			BackupInstance (0ms)
			ReleaseScriptingObjects (0ms)
			CreateAndSetChildDomain (20ms)
		EndReloadAssembly (898ms)
			LoadAssemblies (206ms)
			RebuildTransferFunctionScriptingTraits (0ms)
			SetupTypeCache (266ms)
			ReleaseScriptCaches (1ms)
			RebuildScriptCaches (43ms)
			SetupLoadedEditorAssemblies (300ms)
				LogAssemblyErrors (0ms)
				InitializePlatformSupportModulesInManaged (4ms)
				SetLoadedEditorAssemblies (0ms)
				RefreshPlugins (43ms)
				BeforeProcessingInitializeOnLoad (62ms)
				ProcessInitializeOnLoadAttributes (178ms)
				ProcessInitializeOnLoadMethodAttributes (4ms)
				AfterProcessingInitializeOnLoad (8ms)
				EditorAssembliesLoaded (0ms)
			ExecutionOrderSort2 (0ms)
			AwakeInstancesAfterBackupRestoration (5ms)
Platform modules already initialized, skipping
========================================================================
Worker process is ready to serve import requests
Launched and connected shader compiler UnityShaderCompiler.exe after 0.07 seconds
Refreshing native plugins compatible for Editor in 1.08 ms, found 2 plugins.
Preloading 0 native plugins for Editor in 0.00 ms.
Unloading 2686 Unused Serialized files (Serialized files now loaded: 0)
System memory in use before: 121.0 MB.
System memory in use after: 121.2 MB.

Unloading 19 unused Assets to reduce memory usage. Loaded Objects now: 3134.
Total: 3.932100 ms (FindLiveObjects: 0.488900 ms CreateObjectMapping: 0.095900 ms MarkObjects: 3.212500 ms  DeleteObjects: 0.132900 ms)

AssetImportParameters requested are different than current active one (requested -> active):
  custom:framework-win-MediaFoundation: 216162199b28c13a410421893ffa2e32 -> 
  custom:video-decoder-ogg-theora: a1e56fd34408186e4bbccfd4996cb3dc -> 
  custom:container-muxer-webm: aa71ff27fc2769a1b78a27578f13a17b -> 
  custom:container-demuxer-webm: 4f35f7cbe854078d1ac9338744f61a02 -> 
  custom:container-demuxer-ogg: 62fdf1f143b41e24485cea50d1cbac27 -> 
  custom:video-encoder-webm-vp8: eb34c28f22e8b96e1ab97ce403110664 -> 
  custom:video-decoder-webm-vp8: 9c59270c3fd7afecdb556c50c9e8de78 -> 
  custom:audio-decoder-ogg-vorbis: bf7c407c2cedff20999df2af8eb42d56 -> 
  custom:audio-encoder-webm-vorbis: bf7c407c2cedff20999df2af8eb42d56 -> 
========================================================================
Received Import Request.
  path: Assets/Arte/Blocos/bloco-fogo.obj
  artifactKey: Guid(b824bc2b84c611f4b86297e7c078709d) Importer(815301076,1909f56bfc062723c751e8b465ee728b)
Start importing Assets/Arte/Blocos/bloco-fogo.obj using Guid(b824bc2b84c611f4b86297e7c078709d) Importer(815301076,1909f56bfc062723c751e8b465ee728b)  -> (artifact id: '1324260f3fca0f3042864e4e061898a1') in 0.159589 seconds 
========================================================================
Received Import Request.
  Time since last request: 0.000178 seconds.
  path: Assets/Arte/Blocos/blocog.fbx
  artifactKey: Guid(1ff6f21f3ae0e444aa5f5cd74d9b2d66) Importer(815301076,1909f56bfc062723c751e8b465ee728b)
Start importing Assets/Arte/Blocos/blocog.fbx using Guid(1ff6f21f3ae0e444aa5f5cd74d9b2d66) Importer(815301076,1909f56bfc062723c751e8b465ee728b)  -> (artifact id: '496dd2a4046d65dab28a7cca6f951378') in 0.025887 seconds 
========================================================================
Received Import Request.
  Time since last request: 0.000190 seconds.
  path: Assets/Arte/Blocos/blocog.obj
  artifactKey: Guid(2de5b91c5d0e0944ab2abe07c7b1fee8) Importer(815301076,1909f56bfc062723c751e8b465ee728b)
Start importing Assets/Arte/Blocos/blocog.obj using Guid(2de5b91c5d0e0944ab2abe07c7b1fee8) Importer(815301076,1909f56bfc062723c751e8b465ee728b)  -> (artifact id: 'ecd4157cabf7e87f6efef214a14d7576') in 0.030804 seconds 
========================================================================
Received Import Request.
  Time since last request: 0.000153 seconds.
  path: Assets/Arte/Blocos/bloco-vidro.obj
  artifactKey: Guid(e141ad97367265341ae8a5c3ae434a5e) Importer(815301076,1909f56bfc062723c751e8b465ee728b)
Start importing Assets/Arte/Blocos/bloco-vidro.obj using Guid(e141ad97367265341ae8a5c3ae434a5e) Importer(815301076,1909f56bfc062723c751e8b465ee728b)  -> (artifact id: 'd8cf4ee64a208ece7aba67545cc1c130') in 0.021452 seconds 
========================================================================
Received Import Request.
  Time since last request: 0.000232 seconds.
  path: Assets/Arte/Blocos/blocogg.obj
  artifactKey: Guid(195fa4aa8e054f743b7bb7d733fe772b) Importer(815301076,1909f56bfc062723c751e8b465ee728b)
Start importing Assets/Arte/Blocos/blocogg.obj using Guid(195fa4aa8e054f743b7bb7d733fe772b) Importer(815301076,1909f56bfc062723c751e8b465ee728b)  -> (artifact id: '7d26331d88b1e8ec3c52922895f29af9') in 0.072669 seconds 
========================================================================
Received Import Request.
  Time since last request: 0.000294 seconds.
  path: Assets/Arte/Blocos/bloco-gelo.obj
  artifactKey: Guid(00f8296373ba4ca42acf5aabbea237af) Importer(815301076,1909f56bfc062723c751e8b465ee728b)
Start importing Assets/Arte/Blocos/bloco-gelo.obj using Guid(00f8296373ba4ca42acf5aabbea237af) Importer(815301076,1909f56bfc062723c751e8b465ee728b)  -> (artifact id: 'a7159d261713987e637e882a6bf392d9') in 0.038523 seconds 
========================================================================
Received Import Request.
  Time since last request: 1.639143 seconds.
  path: Assets/Arte/Config
  artifactKey: Guid(df8843b003eb72c4c9bffc36f1e2ac15) Importer(815301076,1909f56bfc062723c751e8b465ee728b)
Start importing Assets/Arte/Config using Guid(df8843b003eb72c4c9bffc36f1e2ac15) Importer(815301076,1909f56bfc062723c751e8b465ee728b)  -> (artifact id: '8d9decb44eb3bf0f5e60a6d8bc0b4d98') in 0.008464 seconds 
========================================================================
Received Import Request.
  Time since last request: 29.218529 seconds.
  path: Assets/Arte/Config/UniversalRenderPipelineAsset.asset
  artifactKey: Guid(47fba5ca8cc33854781b61136bab59c9) Importer(815301076,1909f56bfc062723c751e8b465ee728b)
Start importing Assets/Arte/Config/UniversalRenderPipelineAsset.asset using Guid(47fba5ca8cc33854781b61136bab59c9) Importer(815301076,1909f56bfc062723c751e8b465ee728b)  -> (artifact id: 'f8e45414b86d9b62fd568a5b0d482ccd') in 0.090574 seconds 
========================================================================
Received Import Request.
  Time since last request: 0.000147 seconds.
  path: Assets/Arte/Config/UniversalRenderPipelineAsset_Renderer.asset
  artifactKey: Guid(9c0a2382fdbc3c4458ce5c7fc15a9775) Importer(815301076,1909f56bfc062723c751e8b465ee728b)
Start importing Assets/Arte/Config/UniversalRenderPipelineAsset_Renderer.asset using Guid(9c0a2382fdbc3c4458ce5c7fc15a9775) Importer(815301076,1909f56bfc062723c751e8b465ee728b)  -> (artifact id: '2e4f5209be2a318f0f3443cc765c3402') in 0.007583 seconds 
========================================================================
Received Prepare
Switching render pipeline 00000000000000000000000000000000 -> 47fba5ca8cc33854781b61136bab59c9
Refreshing native plugins compatible for Editor in 2.61 ms, found 2 plugins.
Preloading 0 native plugins for Editor in 0.00 ms.
Unloading 15 Unused Serialized files (Serialized files now loaded: 0)
System memory in use before: 68.1 MB.
System memory in use after: 68.3 MB.

Unloading 12 unused Assets to reduce memory usage. Loaded Objects now: 3180.
Total: 3.328500 ms (FindLiveObjects: 0.310700 ms CreateObjectMapping: 0.066800 ms MarkObjects: 2.888500 ms  DeleteObjects: 0.061500 ms)

AssetImportParameters requested are different than current active one (requested -> active):
  custom:framework-win-MediaFoundation: 216162199b28c13a410421893ffa2e32 -> 
  custom:video-decoder-ogg-theora: a1e56fd34408186e4bbccfd4996cb3dc -> 
  custom:container-muxer-webm: aa71ff27fc2769a1b78a27578f13a17b -> 
  custom:container-demuxer-webm: 4f35f7cbe854078d1ac9338744f61a02 -> 
  custom:container-demuxer-ogg: 62fdf1f143b41e24485cea50d1cbac27 -> 
  custom:video-encoder-webm-vp8: eb34c28f22e8b96e1ab97ce403110664 -> 
  custom:video-decoder-webm-vp8: 9c59270c3fd7afecdb556c50c9e8de78 -> 
  custom:audio-decoder-ogg-vorbis: bf7c407c2cedff20999df2af8eb42d56 -> 
  custom:audio-encoder-webm-vorbis: bf7c407c2cedff20999df2af8eb42d56 -> 
========================================================================
Received Import Request.
  Time since last request: 36.744493 seconds.
  path: Assets/Arte/Config/UniversalRenderPipelineAsset_Renderer.asset
  artifactKey: Guid(9c0a2382fdbc3c4458ce5c7fc15a9775) Importer(815301076,1909f56bfc062723c751e8b465ee728b)
Start importing Assets/Arte/Config/UniversalRenderPipelineAsset_Renderer.asset using Guid(9c0a2382fdbc3c4458ce5c7fc15a9775) Importer(815301076,1909f56bfc062723c751e8b465ee728b)  -> (artifact id: 'a67de6fe449b2511cd86ea34ecc7be25') in 0.006798 seconds 
========================================================================
Received Import Request.
  Time since last request: 0.000186 seconds.
  path: Assets/Arte/Config/UniversalRenderPipelineAsset.asset
  artifactKey: Guid(47fba5ca8cc33854781b61136bab59c9) Importer(815301076,1909f56bfc062723c751e8b465ee728b)
Start importing Assets/Arte/Config/UniversalRenderPipelineAsset.asset using Guid(47fba5ca8cc33854781b61136bab59c9) Importer(815301076,1909f56bfc062723c751e8b465ee728b)  -> (artifact id: '2cd7406dd6831553194c32cb82813720') in 0.002732 seconds 
========================================================================
Received Import Request.
  Time since last request: 130.417850 seconds.
  path: Assets/Arte/Shaders
  artifactKey: Guid(38eff94e1ad627d4bb3cdd3daa3ad710) Importer(815301076,1909f56bfc062723c751e8b465ee728b)
Start importing Assets/Arte/Shaders using Guid(38eff94e1ad627d4bb3cdd3daa3ad710) Importer(815301076,1909f56bfc062723c751e8b465ee728b)  -> (artifact id: '9d0839170a9b451661f49d4daaf95302') in 0.006454 seconds 
========================================================================
Received Import Request.
  Time since last request: 21.579639 seconds.
  path: Assets/Arte/Shaders/New Shader Graph.shadergraph
  artifactKey: Guid(ab586c6a54578054c98fd6c1035cdc6c) Importer(815301076,1909f56bfc062723c751e8b465ee728b)
Start importing Assets/Arte/Shaders/New Shader Graph.shadergraph using Guid(ab586c6a54578054c98fd6c1035cdc6c) Importer(815301076,1909f56bfc062723c751e8b465ee728b)  -> (artifact id: '93bc74bf3efbab5a21d913c4848daaf5') in 0.007881 seconds 
========================================================================
Received Import Request.
  Time since last request: 355.660160 seconds.
  path: Assets/Arte/Shaders/New Shader Graph.shadergraph
  artifactKey: Guid(ab586c6a54578054c98fd6c1035cdc6c) Importer(815301076,1909f56bfc062723c751e8b465ee728b)
Start importing Assets/Arte/Shaders/New Shader Graph.shadergraph using Guid(ab586c6a54578054c98fd6c1035cdc6c) Importer(815301076,1909f56bfc062723c751e8b465ee728b)  -> (artifact id: 'ce43ac2da973ae1aa876887129386423') in 0.003268 seconds 
========================================================================
Received Import Request.
  Time since last request: 335.040052 seconds.
  path: Assets/Arte/Shaders/New Shader Graph.shadergraph
  artifactKey: Guid(ab586c6a54578054c98fd6c1035cdc6c) Importer(815301076,1909f56bfc062723c751e8b465ee728b)
Start importing Assets/Arte/Shaders/New Shader Graph.shadergraph using Guid(ab586c6a54578054c98fd6c1035cdc6c) Importer(815301076,1909f56bfc062723c751e8b465ee728b)  -> (artifact id: '294bcc39a536544d1a7d17ad1f7eb664') in 0.003574 seconds 
========================================================================
Received Import Request.
  Time since last request: 10.489377 seconds.
  path: Assets/Arte/Shaders/Visor.mat
  artifactKey: Guid(b4de04e7e5f24e84c875382a857209e9) Importer(815301076,1909f56bfc062723c751e8b465ee728b)
Start importing Assets/Arte/Shaders/Visor.mat using Guid(b4de04e7e5f24e84c875382a857209e9) Importer(815301076,1909f56bfc062723c751e8b465ee728b)  -> (artifact id: '1468adc0af09724b162b020ee3d539e1') in 0.123134 seconds 
========================================================================
Received Import Request.
  Time since last request: 15.760286 seconds.
  path: Assets/Arte/Shaders/VisorCircular.shadergraph
  artifactKey: Guid(ab586c6a54578054c98fd6c1035cdc6c) Importer(815301076,1909f56bfc062723c751e8b465ee728b)
Start importing Assets/Arte/Shaders/VisorCircular.shadergraph using Guid(ab586c6a54578054c98fd6c1035cdc6c) Importer(815301076,1909f56bfc062723c751e8b465ee728b)  -> (artifact id: 'd8d4696038b3f1ae7e4d0ef25289aed8') in 0.008042 seconds 
========================================================================
Received Prepare
Registering precompiled user dll's ...
Registered in 0.003279 seconds.
Begin MonoManager ReloadAssembly
Native extension for WindowsStandalone target not found
Native extension for WebGL target not found
Refreshing native plugins compatible for Editor in 0.96 ms, found 2 plugins.
Preloading 0 native plugins for Editor in 0.00 ms.
Mono: successfully reloaded assembly
- Completed reload, in  1.110 seconds
Domain Reload Profiling:
	ReloadAssembly (1111ms)
		BeginReloadAssembly (144ms)
			ExecutionOrderSort (0ms)
			DisableScriptedObjects (6ms)
			BackupInstance (0ms)
			ReleaseScriptingObjects (0ms)
			CreateAndSetChildDomain (47ms)
		EndReloadAssembly (893ms)
			LoadAssemblies (93ms)
			RebuildTransferFunctionScriptingTraits (0ms)
			SetupTypeCache (323ms)
			ReleaseScriptCaches (2ms)
			RebuildScriptCaches (44ms)
			SetupLoadedEditorAssemblies (281ms)
				LogAssemblyErrors (0ms)
				InitializePlatformSupportModulesInManaged (6ms)
				SetLoadedEditorAssemblies (0ms)
				RefreshPlugins (1ms)
				BeforeProcessingInitializeOnLoad (63ms)
				ProcessInitializeOnLoadAttributes (197ms)
				ProcessInitializeOnLoadMethodAttributes (4ms)
				AfterProcessingInitializeOnLoad (9ms)
				EditorAssembliesLoaded (0ms)
			ExecutionOrderSort2 (0ms)
			AwakeInstancesAfterBackupRestoration (13ms)
Platform modules already initialized, skipping
Refreshing native plugins compatible for Editor in 0.85 ms, found 2 plugins.
Preloading 0 native plugins for Editor in 0.00 ms.
Unloading 2628 Unused Serialized files (Serialized files now loaded: 0)
System memory in use before: 121.8 MB.
System memory in use after: 122.0 MB.

Unloading 16 unused Assets to reduce memory usage. Loaded Objects now: 3220.
Total: 4.376300 ms (FindLiveObjects: 0.311700 ms CreateObjectMapping: 0.074900 ms MarkObjects: 3.482400 ms  DeleteObjects: 0.506000 ms)

AssetImportParameters requested are different than current active one (requested -> active):
  custom:framework-win-MediaFoundation: 216162199b28c13a410421893ffa2e32 -> 
  custom:video-decoder-ogg-theora: a1e56fd34408186e4bbccfd4996cb3dc -> 
  custom:container-muxer-webm: aa71ff27fc2769a1b78a27578f13a17b -> 
  custom:container-demuxer-webm: 4f35f7cbe854078d1ac9338744f61a02 -> 
  custom:container-demuxer-ogg: 62fdf1f143b41e24485cea50d1cbac27 -> 
  custom:video-encoder-webm-vp8: eb34c28f22e8b96e1ab97ce403110664 -> 
  custom:video-decoder-webm-vp8: 9c59270c3fd7afecdb556c50c9e8de78 -> 
  custom:audio-decoder-ogg-vorbis: bf7c407c2cedff20999df2af8eb42d56 -> 
  custom:audio-encoder-webm-vorbis: bf7c407c2cedff20999df2af8eb42d56 -> 
========================================================================
Received Prepare
Registering precompiled user dll's ...
Registered in 0.003352 seconds.
Begin MonoManager ReloadAssembly
Native extension for WindowsStandalone target not found
Native extension for WebGL target not found
Refreshing native plugins compatible for Editor in 0.66 ms, found 2 plugins.
Preloading 0 native plugins for Editor in 0.00 ms.
Mono: successfully reloaded assembly
- Completed reload, in  0.953 seconds
Domain Reload Profiling:
	ReloadAssembly (954ms)
		BeginReloadAssembly (118ms)
			ExecutionOrderSort (0ms)
			DisableScriptedObjects (4ms)
			BackupInstance (0ms)
			ReleaseScriptingObjects (0ms)
			CreateAndSetChildDomain (35ms)
		EndReloadAssembly (773ms)
			LoadAssemblies (84ms)
			RebuildTransferFunctionScriptingTraits (0ms)
			SetupTypeCache (288ms)
			ReleaseScriptCaches (1ms)
			RebuildScriptCaches (39ms)
			SetupLoadedEditorAssemblies (247ms)
				LogAssemblyErrors (0ms)
				InitializePlatformSupportModulesInManaged (5ms)
				SetLoadedEditorAssemblies (0ms)
				RefreshPlugins (1ms)
				BeforeProcessingInitializeOnLoad (52ms)
				ProcessInitializeOnLoadAttributes (177ms)
				ProcessInitializeOnLoadMethodAttributes (4ms)
				AfterProcessingInitializeOnLoad (8ms)
				EditorAssembliesLoaded (1ms)
			ExecutionOrderSort2 (0ms)
			AwakeInstancesAfterBackupRestoration (13ms)
Platform modules already initialized, skipping
Refreshing native plugins compatible for Editor in 0.60 ms, found 2 plugins.
Preloading 0 native plugins for Editor in 0.00 ms.
Unloading 2626 Unused Serialized files (Serialized files now loaded: 0)
System memory in use before: 121.8 MB.
System memory in use after: 122.0 MB.

Unloading 14 unused Assets to reduce memory usage. Loaded Objects now: 3222.
Total: 2.717000 ms (FindLiveObjects: 0.259100 ms CreateObjectMapping: 0.070100 ms MarkObjects: 2.313300 ms  DeleteObjects: 0.073600 ms)

AssetImportParameters requested are different than current active one (requested -> active):
  custom:framework-win-MediaFoundation: 216162199b28c13a410421893ffa2e32 -> 
  custom:video-decoder-ogg-theora: a1e56fd34408186e4bbccfd4996cb3dc -> 
  custom:container-muxer-webm: aa71ff27fc2769a1b78a27578f13a17b -> 
  custom:container-demuxer-webm: 4f35f7cbe854078d1ac9338744f61a02 -> 
  custom:container-demuxer-ogg: 62fdf1f143b41e24485cea50d1cbac27 -> 
  custom:video-encoder-webm-vp8: eb34c28f22e8b96e1ab97ce403110664 -> 
  custom:video-decoder-webm-vp8: 9c59270c3fd7afecdb556c50c9e8de78 -> 
  custom:audio-decoder-ogg-vorbis: bf7c407c2cedff20999df2af8eb42d56 -> 
  custom:audio-encoder-webm-vorbis: bf7c407c2cedff20999df2af8eb42d56 -> 
========================================================================
Received Import Request.
  Time since last request: 1413.629916 seconds.
  path: Assets/Arte/Shaders/Visor.mat
  artifactKey: Guid(b4de04e7e5f24e84c875382a857209e9) Importer(815301076,1909f56bfc062723c751e8b465ee728b)
Start importing Assets/Arte/Shaders/Visor.mat using Guid(b4de04e7e5f24e84c875382a857209e9) Importer(815301076,1909f56bfc062723c751e8b465ee728b)  -> (artifact id: '1247bfaeffbc4813b32bba9687bc3201') in 0.149343 seconds 
========================================================================
Received Import Request.
  Time since last request: 68.416551 seconds.
  path: Assets/Arte/Shaders/Visor.mat
  artifactKey: Guid(b4de04e7e5f24e84c875382a857209e9) Importer(815301076,1909f56bfc062723c751e8b465ee728b)
Start importing Assets/Arte/Shaders/Visor.mat using Guid(b4de04e7e5f24e84c875382a857209e9) Importer(815301076,1909f56bfc062723c751e8b465ee728b)  -> (artifact id: '07f9e7a4d0a8a3ac94b2616dd133932d') in 0.052831 seconds 
========================================================================
Received Prepare
Registering precompiled user dll's ...
Registered in 0.002928 seconds.
Begin MonoManager ReloadAssembly
Native extension for WindowsStandalone target not found
Native extension for WebGL target not found
Refreshing native plugins compatible for Editor in 0.73 ms, found 2 plugins.
Preloading 0 native plugins for Editor in 0.00 ms.
Mono: successfully reloaded assembly
- Completed reload, in  0.974 seconds
Domain Reload Profiling:
	ReloadAssembly (974ms)
		BeginReloadAssembly (119ms)
			ExecutionOrderSort (0ms)
			DisableScriptedObjects (5ms)
			BackupInstance (0ms)
			ReleaseScriptingObjects (0ms)
			CreateAndSetChildDomain (36ms)
		EndReloadAssembly (796ms)
			LoadAssemblies (78ms)
			RebuildTransferFunctionScriptingTraits (0ms)
			SetupTypeCache (282ms)
			ReleaseScriptCaches (1ms)
			RebuildScriptCaches (40ms)
			SetupLoadedEditorAssemblies (263ms)
				LogAssemblyErrors (0ms)
				InitializePlatformSupportModulesInManaged (6ms)
				SetLoadedEditorAssemblies (0ms)
				RefreshPlugins (1ms)
				BeforeProcessingInitializeOnLoad (55ms)
				ProcessInitializeOnLoadAttributes (188ms)
				ProcessInitializeOnLoadMethodAttributes (4ms)
				AfterProcessingInitializeOnLoad (9ms)
				EditorAssembliesLoaded (0ms)
			ExecutionOrderSort2 (0ms)
			AwakeInstancesAfterBackupRestoration (14ms)
Platform modules already initialized, skipping
Refreshing native plugins compatible for Editor in 0.59 ms, found 2 plugins.
Preloading 0 native plugins for Editor in 0.00 ms.
Unloading 2627 Unused Serialized files (Serialized files now loaded: 0)
System memory in use before: 122.6 MB.
System memory in use after: 122.8 MB.

Unloading 14 unused Assets to reduce memory usage. Loaded Objects now: 3261.
Total: 2.778800 ms (FindLiveObjects: 0.266500 ms CreateObjectMapping: 0.075700 ms MarkObjects: 2.358600 ms  DeleteObjects: 0.077100 ms)

AssetImportParameters requested are different than current active one (requested -> active):
  custom:framework-win-MediaFoundation: 216162199b28c13a410421893ffa2e32 -> 
  custom:video-decoder-ogg-theora: a1e56fd34408186e4bbccfd4996cb3dc -> 
  custom:container-muxer-webm: aa71ff27fc2769a1b78a27578f13a17b -> 
  custom:container-demuxer-webm: 4f35f7cbe854078d1ac9338744f61a02 -> 
  custom:container-demuxer-ogg: 62fdf1f143b41e24485cea50d1cbac27 -> 
  custom:video-encoder-webm-vp8: eb34c28f22e8b96e1ab97ce403110664 -> 
  custom:video-decoder-webm-vp8: 9c59270c3fd7afecdb556c50c9e8de78 -> 
  custom:audio-decoder-ogg-vorbis: bf7c407c2cedff20999df2af8eb42d56 -> 
  custom:audio-encoder-webm-vorbis: bf7c407c2cedff20999df2af8eb42d56 -> 
========================================================================
Received Import Request.
  Time since last request: 527.052905 seconds.
  path: Assets/Scenes
  artifactKey: Guid(bc8bf3dff0891294baebe59da4910704) Importer(815301076,1909f56bfc062723c751e8b465ee728b)
Start importing Assets/Scenes using Guid(bc8bf3dff0891294baebe59da4910704) Importer(815301076,1909f56bfc062723c751e8b465ee728b)  -> (artifact id: 'd0e75e3fb6f1e7370ed0f5297da6ba31') in 0.011019 seconds 
========================================================================
Received Import Request.
  Time since last request: 12.857228 seconds.
  path: Assets/Scenes/TestingTransparencyShader.unity
  artifactKey: Guid(4e2b46f31d9f70f41b307469d9802301) Importer(815301076,1909f56bfc062723c751e8b465ee728b)
Start importing Assets/Scenes/TestingTransparencyShader.unity using Guid(4e2b46f31d9f70f41b307469d9802301) Importer(815301076,1909f56bfc062723c751e8b465ee728b)  -> (artifact id: '44f7905b4de11ba5a131f920c1e3fea4') in 0.016064 seconds 
========================================================================
Received Prepare
Registering precompiled user dll's ...
Registered in 0.002741 seconds.
Begin MonoManager ReloadAssembly
Native extension for WindowsStandalone target not found
Native extension for WebGL target not found
Refreshing native plugins compatible for Editor in 0.62 ms, found 2 plugins.
Preloading 0 native plugins for Editor in 0.00 ms.
Mono: successfully reloaded assembly
- Completed reload, in  0.895 seconds
Domain Reload Profiling:
	ReloadAssembly (895ms)
		BeginReloadAssembly (99ms)
			ExecutionOrderSort (0ms)
			DisableScriptedObjects (4ms)
			BackupInstance (0ms)
			ReleaseScriptingObjects (0ms)
			CreateAndSetChildDomain (32ms)
		EndReloadAssembly (739ms)
			LoadAssemblies (74ms)
			RebuildTransferFunctionScriptingTraits (0ms)
			SetupTypeCache (256ms)
			ReleaseScriptCaches (1ms)
			RebuildScriptCaches (39ms)
			SetupLoadedEditorAssemblies (250ms)
				LogAssemblyErrors (0ms)
				InitializePlatformSupportModulesInManaged (5ms)
				SetLoadedEditorAssemblies (0ms)
				RefreshPlugins (1ms)
				BeforeProcessingInitializeOnLoad (54ms)
				ProcessInitializeOnLoadAttributes (178ms)
				ProcessInitializeOnLoadMethodAttributes (4ms)
				AfterProcessingInitializeOnLoad (8ms)
				EditorAssembliesLoaded (0ms)
			ExecutionOrderSort2 (0ms)
			AwakeInstancesAfterBackupRestoration (12ms)
Platform modules already initialized, skipping
Refreshing native plugins compatible for Editor in 0.71 ms, found 2 plugins.
Preloading 0 native plugins for Editor in 0.00 ms.
Unloading 2626 Unused Serialized files (Serialized files now loaded: 0)
System memory in use before: 122.4 MB.
System memory in use after: 122.6 MB.

Unloading 14 unused Assets to reduce memory usage. Loaded Objects now: 3263.
Total: 3.422500 ms (FindLiveObjects: 0.293400 ms CreateObjectMapping: 0.079300 ms MarkObjects: 2.957700 ms  DeleteObjects: 0.090700 ms)

AssetImportParameters requested are different than current active one (requested -> active):
  custom:framework-win-MediaFoundation: 216162199b28c13a410421893ffa2e32 -> 
  custom:video-decoder-ogg-theora: a1e56fd34408186e4bbccfd4996cb3dc -> 
  custom:container-muxer-webm: aa71ff27fc2769a1b78a27578f13a17b -> 
  custom:container-demuxer-webm: 4f35f7cbe854078d1ac9338744f61a02 -> 
  custom:container-demuxer-ogg: 62fdf1f143b41e24485cea50d1cbac27 -> 
  custom:video-encoder-webm-vp8: eb34c28f22e8b96e1ab97ce403110664 -> 
  custom:video-decoder-webm-vp8: 9c59270c3fd7afecdb556c50c9e8de78 -> 
  custom:audio-decoder-ogg-vorbis: bf7c407c2cedff20999df2af8eb42d56 -> 
  custom:audio-encoder-webm-vorbis: bf7c407c2cedff20999df2af8eb42d56 -> 
========================================================================
Received Import Request.
  Time since last request: 113.354821 seconds.
  path: Assets/Scripts/Visual
  artifactKey: Guid(9709009227dcede47810e1c9319f8923) Importer(815301076,1909f56bfc062723c751e8b465ee728b)
Start importing Assets/Scripts/Visual using Guid(9709009227dcede47810e1c9319f8923) Importer(815301076,1909f56bfc062723c751e8b465ee728b)  -> (artifact id: 'dff3518e02a3635467e5fb183b01b7d2') in 0.018114 seconds 
========================================================================
Received Import Request.
  Time since last request: 11.311596 seconds.
  path: Assets/Scripts/Visual/CircleCync.cs
  artifactKey: Guid(fdedbd7b7e66b6f4caec50abb032465c) Importer(815301076,1909f56bfc062723c751e8b465ee728b)
Start importing Assets/Scripts/Visual/CircleCync.cs using Guid(fdedbd7b7e66b6f4caec50abb032465c) Importer(815301076,1909f56bfc062723c751e8b465ee728b)  -> (artifact id: '8160be46651c06ae28160a6ae633ddfd') in 0.016706 seconds 
========================================================================
Received Prepare
Registering precompiled user dll's ...
Registered in 0.002823 seconds.
Begin MonoManager ReloadAssembly
Native extension for WindowsStandalone target not found
Native extension for WebGL target not found
Refreshing native plugins compatible for Editor in 0.70 ms, found 2 plugins.
Preloading 0 native plugins for Editor in 0.00 ms.
Mono: successfully reloaded assembly
- Completed reload, in  0.965 seconds
Domain Reload Profiling:
	ReloadAssembly (966ms)
		BeginReloadAssembly (111ms)
			ExecutionOrderSort (0ms)
			DisableScriptedObjects (4ms)
			BackupInstance (0ms)
			ReleaseScriptingObjects (0ms)
			CreateAndSetChildDomain (35ms)
		EndReloadAssembly (796ms)
			LoadAssemblies (76ms)
			RebuildTransferFunctionScriptingTraits (0ms)
			SetupTypeCache (295ms)
			ReleaseScriptCaches (2ms)
			RebuildScriptCaches (39ms)
			SetupLoadedEditorAssemblies (251ms)
				LogAssemblyErrors (0ms)
				InitializePlatformSupportModulesInManaged (5ms)
				SetLoadedEditorAssemblies (0ms)
				RefreshPlugins (1ms)
				BeforeProcessingInitializeOnLoad (55ms)
				ProcessInitializeOnLoadAttributes (177ms)
				ProcessInitializeOnLoadMethodAttributes (4ms)
				AfterProcessingInitializeOnLoad (9ms)
				EditorAssembliesLoaded (0ms)
			ExecutionOrderSort2 (0ms)
			AwakeInstancesAfterBackupRestoration (13ms)
Platform modules already initialized, skipping
Refreshing native plugins compatible for Editor in 0.93 ms, found 2 plugins.
Preloading 0 native plugins for Editor in 0.00 ms.
Unloading 2627 Unused Serialized files (Serialized files now loaded: 0)
System memory in use before: 122.5 MB.
System memory in use after: 122.6 MB.

Unloading 14 unused Assets to reduce memory usage. Loaded Objects now: 3266.
Total: 3.780200 ms (FindLiveObjects: 0.357900 ms CreateObjectMapping: 0.101800 ms MarkObjects: 3.229300 ms  DeleteObjects: 0.089700 ms)

AssetImportParameters requested are different than current active one (requested -> active):
  custom:framework-win-MediaFoundation: 216162199b28c13a410421893ffa2e32 -> 
  custom:video-decoder-ogg-theora: a1e56fd34408186e4bbccfd4996cb3dc -> 
  custom:container-muxer-webm: aa71ff27fc2769a1b78a27578f13a17b -> 
  custom:container-demuxer-webm: 4f35f7cbe854078d1ac9338744f61a02 -> 
  custom:container-demuxer-ogg: 62fdf1f143b41e24485cea50d1cbac27 -> 
  custom:video-encoder-webm-vp8: eb34c28f22e8b96e1ab97ce403110664 -> 
  custom:video-decoder-webm-vp8: 9c59270c3fd7afecdb556c50c9e8de78 -> 
  custom:audio-decoder-ogg-vorbis: bf7c407c2cedff20999df2af8eb42d56 -> 
  custom:audio-encoder-webm-vorbis: bf7c407c2cedff20999df2af8eb42d56 -> 
========================================================================
Received Import Request.
  Time since last request: 242.571169 seconds.
  path: Assets/Scripts/Visual/CircleCync.cs
  artifactKey: Guid(fdedbd7b7e66b6f4caec50abb032465c) Importer(815301076,1909f56bfc062723c751e8b465ee728b)
Start importing Assets/Scripts/Visual/CircleCync.cs using Guid(fdedbd7b7e66b6f4caec50abb032465c) Importer(815301076,1909f56bfc062723c751e8b465ee728b)  -> (artifact id: 'ddac8dc978bfc54eafc774f0ce2d6d97') in 0.007536 seconds 
========================================================================
Received Prepare
Registering precompiled user dll's ...
Registered in 0.003000 seconds.
Begin MonoManager ReloadAssembly
Native extension for WindowsStandalone target not found
Native extension for WebGL target not found
Refreshing native plugins compatible for Editor in 0.71 ms, found 2 plugins.
Preloading 0 native plugins for Editor in 0.00 ms.
Mono: successfully reloaded assembly
- Completed reload, in  0.950 seconds
Domain Reload Profiling:
	ReloadAssembly (950ms)
		BeginReloadAssembly (114ms)
			ExecutionOrderSort (0ms)
			DisableScriptedObjects (4ms)
			BackupInstance (0ms)
			ReleaseScriptingObjects (0ms)
			CreateAndSetChildDomain (37ms)
		EndReloadAssembly (775ms)
			LoadAssemblies (78ms)
			RebuildTransferFunctionScriptingTraits (0ms)
			SetupTypeCache (283ms)
			ReleaseScriptCaches (2ms)
			RebuildScriptCaches (53ms)
			SetupLoadedEditorAssemblies (242ms)
				LogAssemblyErrors (0ms)
				InitializePlatformSupportModulesInManaged (5ms)
				SetLoadedEditorAssemblies (0ms)
				RefreshPlugins (1ms)
				BeforeProcessingInitializeOnLoad (51ms)
				ProcessInitializeOnLoadAttributes (173ms)
				ProcessInitializeOnLoadMethodAttributes (4ms)
				AfterProcessingInitializeOnLoad (8ms)
				EditorAssembliesLoaded (0ms)
			ExecutionOrderSort2 (0ms)
			AwakeInstancesAfterBackupRestoration (12ms)
Platform modules already initialized, skipping
Refreshing native plugins compatible for Editor in 0.60 ms, found 2 plugins.
Preloading 0 native plugins for Editor in 0.00 ms.
Unloading 2627 Unused Serialized files (Serialized files now loaded: 0)
System memory in use before: 122.5 MB.
System memory in use after: 122.7 MB.

Unloading 14 unused Assets to reduce memory usage. Loaded Objects now: 3268.
Total: 3.291700 ms (FindLiveObjects: 0.338000 ms CreateObjectMapping: 0.094800 ms MarkObjects: 2.777100 ms  DeleteObjects: 0.081100 ms)

AssetImportParameters requested are different than current active one (requested -> active):
  custom:framework-win-MediaFoundation: 216162199b28c13a410421893ffa2e32 -> 
  custom:video-decoder-ogg-theora: a1e56fd34408186e4bbccfd4996cb3dc -> 
  custom:container-muxer-webm: aa71ff27fc2769a1b78a27578f13a17b -> 
  custom:container-demuxer-webm: 4f35f7cbe854078d1ac9338744f61a02 -> 
  custom:container-demuxer-ogg: 62fdf1f143b41e24485cea50d1cbac27 -> 
  custom:video-encoder-webm-vp8: eb34c28f22e8b96e1ab97ce403110664 -> 
  custom:video-decoder-webm-vp8: 9c59270c3fd7afecdb556c50c9e8de78 -> 
  custom:audio-decoder-ogg-vorbis: bf7c407c2cedff20999df2af8eb42d56 -> 
  custom:audio-encoder-webm-vorbis: bf7c407c2cedff20999df2af8eb42d56 -> 
========================================================================
Received Import Request.
  Time since last request: 77.129063 seconds.
  path: ProjectSettings/TagManager.asset
  artifactKey: Guid(00000000000000003000000000000000) Importer(815301076,1909f56bfc062723c751e8b465ee728b)
Start importing ProjectSettings/TagManager.asset using Guid(00000000000000003000000000000000) Importer(815301076,1909f56bfc062723c751e8b465ee728b)  -> (artifact id: '9205072cc687f16656ac262c0d0c852b') in 0.032182 seconds 
========================================================================
Received Prepare
Registering precompiled user dll's ...
Registered in 0.003063 seconds.
Begin MonoManager ReloadAssembly
Native extension for WindowsStandalone target not found
Native extension for WebGL target not found
Refreshing native plugins compatible for Editor in 0.66 ms, found 2 plugins.
Preloading 0 native plugins for Editor in 0.00 ms.
Mono: successfully reloaded assembly
- Completed reload, in  0.893 seconds
Domain Reload Profiling:
	ReloadAssembly (893ms)
		BeginReloadAssembly (107ms)
			ExecutionOrderSort (0ms)
			DisableScriptedObjects (4ms)
			BackupInstance (0ms)
			ReleaseScriptingObjects (0ms)
			CreateAndSetChildDomain (34ms)
		EndReloadAssembly (728ms)
			LoadAssemblies (74ms)
			RebuildTransferFunctionScriptingTraits (0ms)
			SetupTypeCache (265ms)
			ReleaseScriptCaches (1ms)
			RebuildScriptCaches (37ms)
			SetupLoadedEditorAssemblies (235ms)
				LogAssemblyErrors (0ms)
				InitializePlatformSupportModulesInManaged (5ms)
				SetLoadedEditorAssemblies (0ms)
				RefreshPlugins (1ms)
				BeforeProcessingInitializeOnLoad (50ms)
				ProcessInitializeOnLoadAttributes (167ms)
				ProcessInitializeOnLoadMethodAttributes (4ms)
				AfterProcessingInitializeOnLoad (8ms)
				EditorAssembliesLoaded (0ms)
			ExecutionOrderSort2 (0ms)
			AwakeInstancesAfterBackupRestoration (12ms)
Platform modules already initialized, skipping
Refreshing native plugins compatible for Editor in 0.60 ms, found 2 plugins.
Preloading 0 native plugins for Editor in 0.00 ms.
Unloading 2627 Unused Serialized files (Serialized files now loaded: 0)
System memory in use before: 122.5 MB.
System memory in use after: 122.7 MB.

Unloading 15 unused Assets to reduce memory usage. Loaded Objects now: 3270.
Total: 2.757300 ms (FindLiveObjects: 0.272500 ms CreateObjectMapping: 0.071800 ms MarkObjects: 2.334800 ms  DeleteObjects: 0.077300 ms)

AssetImportParameters requested are different than current active one (requested -> active):
  custom:framework-win-MediaFoundation: 216162199b28c13a410421893ffa2e32 -> 
  custom:video-decoder-ogg-theora: a1e56fd34408186e4bbccfd4996cb3dc -> 
  custom:container-muxer-webm: aa71ff27fc2769a1b78a27578f13a17b -> 
  custom:container-demuxer-webm: 4f35f7cbe854078d1ac9338744f61a02 -> 
  custom:container-demuxer-ogg: 62fdf1f143b41e24485cea50d1cbac27 -> 
  custom:video-encoder-webm-vp8: eb34c28f22e8b96e1ab97ce403110664 -> 
  custom:video-decoder-webm-vp8: 9c59270c3fd7afecdb556c50c9e8de78 -> 
  custom:audio-decoder-ogg-vorbis: bf7c407c2cedff20999df2af8eb42d56 -> 
  custom:audio-encoder-webm-vorbis: bf7c407c2cedff20999df2af8eb42d56 -> 
========================================================================
Received Import Request.
  Time since last request: 59.819357 seconds.
  path: Assets/Scenes/SampleScene.unity
  artifactKey: Guid(9fc0d4010bbf28b4594072e72b8655ab) Importer(815301076,1909f56bfc062723c751e8b465ee728b)
Start importing Assets/Scenes/SampleScene.unity using Guid(9fc0d4010bbf28b4594072e72b8655ab) Importer(815301076,1909f56bfc062723c751e8b465ee728b)  -> (artifact id: '2d34c7645f3cf1d700b44bc4781e3682') in 0.020893 seconds 
========================================================================
Received Import Request.
  Time since last request: 71.581742 seconds.
  path: Assets/Arte/Objetos
  artifactKey: Guid(c9ca9073d9b1f5741a7a2510d4f29556) Importer(815301076,1909f56bfc062723c751e8b465ee728b)
Start importing Assets/Arte/Objetos using Guid(c9ca9073d9b1f5741a7a2510d4f29556) Importer(815301076,1909f56bfc062723c751e8b465ee728b)  -> (artifact id: '65fe5027f8876d50dca2659e3975ce07') in 0.024578 seconds 
========================================================================
Received Prepare
Registering precompiled user dll's ...
Registered in 0.003033 seconds.
Begin MonoManager ReloadAssembly
Native extension for WindowsStandalone target not found
Native extension for WebGL target not found
Refreshing native plugins compatible for Editor in 0.65 ms, found 2 plugins.
Preloading 0 native plugins for Editor in 0.00 ms.
Mono: successfully reloaded assembly
- Completed reload, in  0.909 seconds
Domain Reload Profiling:
	ReloadAssembly (909ms)
		BeginReloadAssembly (109ms)
			ExecutionOrderSort (0ms)
			DisableScriptedObjects (4ms)
			BackupInstance (0ms)
			ReleaseScriptingObjects (0ms)
			CreateAndSetChildDomain (35ms)
		EndReloadAssembly (743ms)
			LoadAssemblies (73ms)
			RebuildTransferFunctionScriptingTraits (0ms)
			SetupTypeCache (265ms)
			ReleaseScriptCaches (1ms)
			RebuildScriptCaches (40ms)
			SetupLoadedEditorAssemblies (244ms)
				LogAssemblyErrors (0ms)
				InitializePlatformSupportModulesInManaged (5ms)
				SetLoadedEditorAssemblies (0ms)
				RefreshPlugins (1ms)
				BeforeProcessingInitializeOnLoad (53ms)
				ProcessInitializeOnLoadAttributes (174ms)
				ProcessInitializeOnLoadMethodAttributes (3ms)
				AfterProcessingInitializeOnLoad (8ms)
				EditorAssembliesLoaded (0ms)
			ExecutionOrderSort2 (0ms)
			AwakeInstancesAfterBackupRestoration (12ms)
Platform modules already initialized, skipping
Refreshing native plugins compatible for Editor in 0.60 ms, found 2 plugins.
Preloading 0 native plugins for Editor in 0.00 ms.
Unloading 2627 Unused Serialized files (Serialized files now loaded: 0)
System memory in use before: 122.5 MB.
System memory in use after: 122.7 MB.

Unloading 14 unused Assets to reduce memory usage. Loaded Objects now: 3272.
Total: 2.842000 ms (FindLiveObjects: 0.264300 ms CreateObjectMapping: 0.082100 ms MarkObjects: 2.422400 ms  DeleteObjects: 0.071900 ms)

AssetImportParameters requested are different than current active one (requested -> active):
  custom:framework-win-MediaFoundation: 216162199b28c13a410421893ffa2e32 -> 
  custom:video-decoder-ogg-theora: a1e56fd34408186e4bbccfd4996cb3dc -> 
  custom:container-muxer-webm: aa71ff27fc2769a1b78a27578f13a17b -> 
  custom:container-demuxer-webm: 4f35f7cbe854078d1ac9338744f61a02 -> 
  custom:container-demuxer-ogg: 62fdf1f143b41e24485cea50d1cbac27 -> 
  custom:video-encoder-webm-vp8: eb34c28f22e8b96e1ab97ce403110664 -> 
  custom:video-decoder-webm-vp8: 9c59270c3fd7afecdb556c50c9e8de78 -> 
  custom:audio-decoder-ogg-vorbis: bf7c407c2cedff20999df2af8eb42d56 -> 
  custom:audio-encoder-webm-vorbis: bf7c407c2cedff20999df2af8eb42d56 -> 
AssetImportWorkerClient::OnTransportError - code=2 error=End of file
